<?xml version="1.0" encoding="UTF-8"?>
<Site BuildName="(empty)"
	BuildStamp="20211005-0121-Experimental"
	Name="(empty)"
	Generator="ctest-3.16.3"
	CompilerName=""
	CompilerVersion=""
	OSName="Linux"
	Hostname="DESKTOP-LVRLT8C"
	OSRelease="4.4.0-19041-Microsoft"
	OSVersion="#1237-Microsoft Sat Sep 11 14:32:00 PST 2021"
	OSPlatform="x86_64"
	Is64Bits="1"
	VendorString="GenuineIntel"
	VendorID="Intel Corporation"
	FamilyID="6"
	ModelID="94"
	ProcessorCacheSize="256"
	NumberOfLogicalCPU="8"
	NumberOfPhysicalCPU="4"
	TotalVirtualMemory="24576"
	TotalPhysicalMemory="8061"
	LogicalProcessorsPerPhysical="2"
	ProcessorClockFrequency="2601"
	>
	<Testing>
		<StartDateTime>Oct 04 21:21 EDT</StartDateTime>
		<StartTestTime>1633396886</StartTestTime>
		<TestList/>
		<EndDateTime>Oct 04 21:21 EDT</EndDateTime>
		<EndTestTime>1633396886</EndTestTime>
		<ElapsedMinutes>0</ElapsedMinutes>
	</Testing>
</Site>
